<?xml version="1.0" encoding="UTF-8"?>
<!-- Generated by org.testng.reporters.JUnitXMLReporter -->
<testsuite ignored="5" hostname="Nandhikas-MBP" failures="0" tests="1" name="Default test" time="0.091" errors="0" timestamp="2024-11-16T21:29:50 MST">
  <testcase classname="base.BaseTests" name="@BeforeSuite startServer" time="0.057">
    <failure type="io.appium.java_client.service.local.InvalidServerInstanceException" message="NodeJS is either not installed or its executable not present in PATH">
      <![CDATA[io.appium.java_client.service.local.InvalidServerInstanceException: NodeJS is either not installed or its executable not present in PATH
at io.appium.java_client.service.local.AppiumServiceBuilder.validatePath(AppiumServiceBuilder.java:125)
at io.appium.java_client.service.local.AppiumServiceBuilder.findBinary(AppiumServiceBuilder.java:135)
at io.appium.java_client.service.local.AppiumServiceBuilder.findDefaultExecutable(AppiumServiceBuilder.java:177)
at io.appium.java_client.service.local.AppiumServiceBuilder.loadSystemProperties(AppiumServiceBuilder.java:405)
at org.openqa.selenium.remote.service.DriverService$Builder.build(DriverService.java:495)
at io.appium.java_client.service.local.AppiumDriverLocalService.buildService(AppiumDriverLocalService.java:92)
at base.BaseTests.startServer(BaseTests.java:31)
at java.base/jdk.internal.reflect.DirectMethodHandleAccessor.invoke(DirectMethodHandleAccessor.java:103)
at java.base/java.lang.reflect.Method.invoke(Method.java:580)
at org.testng.internal.invokers.MethodInvocationHelper.invokeMethod(MethodInvocationHelper.java:139)
at org.testng.internal.invokers.MethodInvocationHelper.invokeMethodConsideringTimeout(MethodInvocationHelper.java:69)
at org.testng.internal.invokers.ConfigInvoker.invokeConfigurationMethod(ConfigInvoker.java:390)
at org.testng.internal.invokers.ConfigInvoker.invokeConfigurations(ConfigInvoker.java:325)
at org.testng.SuiteRunner.privateRun(SuiteRunner.java:382)
at org.testng.SuiteRunner.run(SuiteRunner.java:336)
at org.testng.SuiteRunnerWorker.runSuite(SuiteRunnerWorker.java:52)
at org.testng.SuiteRunnerWorker.run(SuiteRunnerWorker.java:95)
at org.testng.TestNG.runSuitesSequentially(TestNG.java:1280)
at org.testng.TestNG.runSuitesLocally(TestNG.java:1200)
at org.testng.TestNG.runSuites(TestNG.java:1114)
at org.testng.TestNG.run(TestNG.java:1082)
at org.testng.remote.AbstractRemoteTestNG.run(AbstractRemoteTestNG.java:115)
at org.testng.remote.RemoteTestNG.initAndRun(RemoteTestNG.java:293)
at org.testng.remote.RemoteTestNG.main(RemoteTestNG.java:91)
]]>
    </failure>
  </testcase> <!-- @BeforeSuite startServer -->
  <testcase classname="tests.HomeTests" name="@BeforeClass setUp" time="0.0">
    <skipped/>
  </testcase> <!-- @BeforeClass setUp -->
  <testcase classname="tests.HomeTests" name="testLaunchApp" time="0.0">
    <skipped/>
  </testcase> <!-- testLaunchApp -->
  <testcase classname="tests.HomeTests" name="verifyCountryDropdown" time="0.0">
    <ignored/>
  </testcase> <!-- verifyCountryDropdown -->
  <testcase classname="tests.HomeTests" name="verifyLetsShopButton" time="0.0">
    <ignored/>
  </testcase> <!-- verifyLetsShopButton -->
  <testcase classname="tests.HomeTests" name="verifyNameField" time="0.0">
    <ignored/>
  </testcase> <!-- verifyNameField -->
  <testcase classname="tests.HomeTests" name="verifyLaunchPageTitle" time="0.0">
    <ignored/>
  </testcase> <!-- verifyLaunchPageTitle -->
  <testcase classname="tests.HomeTests" name="verifyGenderRadioButton" time="0.0">
    <ignored/>
  </testcase> <!-- verifyGenderRadioButton -->
</testsuite> <!-- Default test -->
